{"level":"info","message":"Building a login system with NodeJS is running on port 8080!","timestamp":"2024-03-24T04:11:16.678Z"}
{"level":"info","message":"Connected to MySQL database successfully!","timestamp":"2024-03-24T04:11:16.716Z"}
{"level":"info","message":"Rendering login page","timestamp":"2024-03-24T04:11:28.968Z"}
{"level":"info","message":"User 1 authenticated successfully","timestamp":"2024-03-24T04:11:39.498Z"}
{"level":"info","message":"Rendering homepage","timestamp":"2024-03-24T04:11:39.505Z"}
{"level":"info","message":"Rendering homepage","timestamp":"2024-03-24T04:17:43.825Z"}
{"level":"info","message":"Rendering About page","timestamp":"2024-03-24T04:17:58.851Z"}
{"level":"info","message":"Rendering Contact page","timestamp":"2024-03-24T04:18:11.699Z"}
{"level":"info","message":"Rendering FAQ page","timestamp":"2024-03-24T04:18:16.212Z"}
{"level":"info","message":"Rendering homepage","timestamp":"2024-03-24T04:19:24.502Z"}
{"level":"info","message":"Rendering homepage","timestamp":"2024-03-24T04:19:26.559Z"}
{"level":"info","message":"Rendering homepage","timestamp":"2024-03-24T04:19:27.487Z"}
{"level":"info","message":"Rendering homepage","timestamp":"2024-03-24T04:19:28.368Z"}
{"level":"info","message":"Rendering homepage","timestamp":"2024-03-24T04:22:33.253Z"}
{"level":"info","message":"Rendering homepage","timestamp":"2024-03-24T04:22:34.462Z"}
{"level":"info","message":"Rendering homepage","timestamp":"2024-03-24T04:22:35.146Z"}
{"level":"info","message":"Rendering homepage","timestamp":"2024-03-24T04:22:35.340Z"}
{"level":"info","message":"Rendering homepage","timestamp":"2024-03-24T04:22:35.517Z"}
{"level":"info","message":"Rendering homepage","timestamp":"2024-03-24T04:22:35.685Z"}
{"level":"info","message":"Rendering homepage","timestamp":"2024-03-24T04:22:44.524Z"}
{"level":"info","message":"User logged out successfully","timestamp":"2024-03-24T04:22:47.553Z"}
{"level":"info","message":"Rendering login page","timestamp":"2024-03-24T04:22:47.558Z"}
{"level":"info","message":"User 1 authenticated successfully","timestamp":"2024-03-24T04:22:52.817Z"}
{"level":"info","message":"Rendering homepage","timestamp":"2024-03-24T04:22:52.822Z"}
{"level":"info","message":"Rendering About page","timestamp":"2024-03-24T04:27:24.330Z"}
{"level":"info","message":"Rendering About page","timestamp":"2024-03-24T04:28:08.694Z"}
{"level":"info","message":"Rendering About page","timestamp":"2024-03-24T04:28:14.875Z"}
{"level":"info","message":"Rendering About page","timestamp":"2024-03-24T04:28:15.479Z"}
{"level":"info","message":"Rendering Contact page","timestamp":"2024-03-24T04:29:42.939Z"}
{"level":"info","message":"Rendering FAQ page","timestamp":"2024-03-24T04:29:50.617Z"}
{"level":"info","message":"Rendering homepage","timestamp":"2024-03-24T04:30:12.202Z"}
{"level":"info","message":"Rendering homepage","timestamp":"2024-03-24T04:30:15.182Z"}
{"level":"info","message":"Rendering homepage","timestamp":"2024-03-24T04:30:15.465Z"}
{"level":"info","message":"Rendering homepage","timestamp":"2024-03-24T04:30:15.723Z"}
{"level":"info","message":"Rendering homepage","timestamp":"2024-03-24T04:30:16.061Z"}
{"level":"info","message":"Rendering About page","timestamp":"2024-03-24T04:31:25.001Z"}
{"level":"info","message":"Rendering About page","timestamp":"2024-03-24T04:35:44.139Z"}
{"level":"info","message":"User logged out successfully","timestamp":"2024-03-24T04:35:53.289Z"}
{"level":"info","message":"Rendering login page","timestamp":"2024-03-24T04:35:53.295Z"}
{"level":"info","message":"User with email ava@12 not found","timestamp":"2024-03-24T04:36:02.380Z"}
{"level":"info","message":"Rendering login page","timestamp":"2024-03-24T04:36:02.386Z"}
{"level":"info","message":"User 1 authenticated successfully","timestamp":"2024-03-24T04:36:06.752Z"}
{"level":"info","message":"Rendering homepage","timestamp":"2024-03-24T04:36:06.758Z"}
{"level":"info","message":"Rendering About page","timestamp":"2024-03-24T04:37:36.274Z"}
{"level":"info","message":"Rendering homepage","timestamp":"2024-03-24T04:38:02.053Z"}
{"level":"info","message":"Rendering homepage","timestamp":"2024-03-24T04:38:40.094Z"}
{"level":"info","message":"Rendering homepage","timestamp":"2024-03-24T04:40:25.063Z"}
{"level":"info","message":"Rendering homepage","timestamp":"2024-03-24T04:44:10.832Z"}
{"level":"info","message":"Rendering homepage","timestamp":"2024-03-24T04:44:12.801Z"}
{"level":"info","message":"Rendering homepage","timestamp":"2024-03-24T04:46:04.070Z"}
{"level":"info","message":"Rendering homepage","timestamp":"2024-03-24T04:48:44.772Z"}
{"level":"info","message":"Rendering homepage","timestamp":"2024-03-24T04:48:48.930Z"}
{"level":"info","message":"Rendering homepage","timestamp":"2024-03-24T04:48:53.345Z"}
{"level":"info","message":"Rendering homepage","timestamp":"2024-03-24T04:49:04.311Z"}
{"level":"info","message":"Rendering homepage","timestamp":"2024-03-24T04:49:06.384Z"}
{"level":"info","message":"Rendering homepage","timestamp":"2024-03-24T04:49:07.810Z"}
{"level":"info","message":"Rendering homepage","timestamp":"2024-03-24T04:50:34.362Z"}
{"level":"info","message":"Rendering homepage","timestamp":"2024-03-24T05:15:44.290Z"}
{"level":"info","message":"Rendering homepage","timestamp":"2024-03-24T05:16:30.359Z"}
{"level":"info","message":"Rendering homepage","timestamp":"2024-03-24T05:16:33.426Z"}
{"level":"info","message":"Rendering homepage","timestamp":"2024-03-24T05:16:34.919Z"}
{"level":"info","message":"Rendering homepage","timestamp":"2024-03-24T05:16:36.274Z"}
{"level":"info","message":"Rendering homepage","timestamp":"2024-03-24T05:17:12.027Z"}
{"level":"info","message":"Rendering homepage","timestamp":"2024-03-24T05:17:36.974Z"}
{"level":"info","message":"Rendering homepage","timestamp":"2024-03-24T05:18:05.914Z"}
{"level":"info","message":"Rendering homepage","timestamp":"2024-03-24T05:19:43.991Z"}
{"level":"info","message":"Rendering homepage","timestamp":"2024-03-24T05:19:46.272Z"}
{"level":"info","message":"Rendering homepage","timestamp":"2024-03-24T05:20:40.377Z"}
{"level":"info","message":"Rendering homepage","timestamp":"2024-03-24T05:20:40.535Z"}
{"level":"info","message":"Rendering homepage","timestamp":"2024-03-24T05:21:53.622Z"}
{"level":"info","message":"Rendering homepage","timestamp":"2024-03-24T05:23:16.955Z"}
{"level":"info","message":"Rendering homepage","timestamp":"2024-03-24T05:24:20.220Z"}
{"level":"info","message":"Rendering homepage","timestamp":"2024-03-24T05:24:27.375Z"}
{"level":"info","message":"Rendering homepage","timestamp":"2024-03-24T05:26:19.278Z"}
{"level":"info","message":"Rendering homepage","timestamp":"2024-03-24T05:27:02.054Z"}
{"level":"info","message":"Rendering homepage","timestamp":"2024-03-24T05:27:37.329Z"}
{"level":"info","message":"Rendering homepage","timestamp":"2024-03-24T05:27:39.808Z"}
{"level":"info","message":"Rendering homepage","timestamp":"2024-03-24T05:27:53.513Z"}
{"level":"info","message":"Rendering homepage","timestamp":"2024-03-24T05:27:55.253Z"}
{"level":"info","message":"Rendering homepage","timestamp":"2024-03-24T05:27:58.243Z"}
{"level":"info","message":"Rendering homepage","timestamp":"2024-03-24T05:28:20.658Z"}
{"level":"info","message":"Rendering homepage","timestamp":"2024-03-24T05:31:01.994Z"}
{"level":"info","message":"Rendering homepage","timestamp":"2024-03-24T05:32:20.169Z"}
{"level":"info","message":"Rendering homepage","timestamp":"2024-03-24T05:33:03.009Z"}
{"level":"info","message":"Rendering homepage","timestamp":"2024-03-24T05:33:45.109Z"}
{"level":"info","message":"Rendering homepage","timestamp":"2024-03-24T05:34:19.822Z"}
{"level":"info","message":"Rendering homepage","timestamp":"2024-03-24T05:35:06.400Z"}
{"level":"info","message":"Rendering homepage","timestamp":"2024-03-24T05:35:18.890Z"}
{"level":"info","message":"Rendering homepage","timestamp":"2024-03-24T05:36:55.922Z"}
{"level":"info","message":"Rendering homepage","timestamp":"2024-03-24T05:38:52.736Z"}
{"level":"info","message":"Rendering homepage","timestamp":"2024-03-24T05:40:24.069Z"}
{"level":"info","message":"Rendering homepage","timestamp":"2024-03-24T05:41:06.499Z"}
{"level":"info","message":"Rendering homepage","timestamp":"2024-03-24T05:41:21.474Z"}
{"level":"info","message":"Building a login system with NodeJS is running on port 8080!","timestamp":"2024-03-24T05:41:41.636Z"}
{"level":"info","message":"Connected to MySQL database successfully!","timestamp":"2024-03-24T05:41:41.665Z"}
{"level":"info","message":"Rendering login page","timestamp":"2024-03-24T05:41:58.204Z"}
{"level":"info","message":"User 1 authenticated successfully","timestamp":"2024-03-24T05:42:12.005Z"}
{"level":"info","message":"Rendering homepage","timestamp":"2024-03-24T05:42:12.012Z"}
{"level":"info","message":"Building a login system with NodeJS is running on port 8080!","timestamp":"2024-03-24T05:45:38.938Z"}
{"level":"info","message":"Connected to MySQL database successfully!","timestamp":"2024-03-24T05:45:38.959Z"}
{"level":"info","message":"Rendering login page","timestamp":"2024-03-24T05:45:40.399Z"}
{"level":"info","message":"Rendering login page","timestamp":"2024-03-24T05:46:06.390Z"}
{"level":"info","message":"Rendering login page","timestamp":"2024-03-24T05:46:53.540Z"}
{"level":"info","message":"Rendering register page","timestamp":"2024-03-24T05:47:03.117Z"}
{"level":"info","message":"Rendering register page","timestamp":"2024-03-24T05:47:31.320Z"}
{"level":"info","message":"Rendering register page","timestamp":"2024-03-24T05:47:34.114Z"}
{"level":"info","message":"Rendering register page","timestamp":"2024-03-24T05:47:40.933Z"}
{"level":"info","message":"Rendering register page","timestamp":"2024-03-24T05:48:04.181Z"}
{"level":"info","message":"Rendering register page","timestamp":"2024-03-24T05:48:10.445Z"}
{"level":"info","message":"Rendering register page","timestamp":"2024-03-24T05:48:31.673Z"}
{"level":"info","message":"Rendering register page","timestamp":"2024-03-24T05:48:35.855Z"}
{"level":"info","message":"Rendering register page","timestamp":"2024-03-24T05:48:39.255Z"}
{"level":"info","message":"User 1 authenticated successfully","timestamp":"2024-03-24T05:50:02.405Z"}
{"level":"info","message":"Rendering homepage","timestamp":"2024-03-24T05:50:02.412Z"}
{"level":"info","message":"Rendering homepage","timestamp":"2024-03-24T05:50:06.167Z"}
{"level":"info","message":"Rendering homepage","timestamp":"2024-03-24T05:50:10.674Z"}
{"level":"info","message":"Rendering homepage","timestamp":"2024-03-24T05:50:12.516Z"}
{"level":"info","message":"Rendering homepage","timestamp":"2024-03-24T05:50:34.699Z"}
{"level":"info","message":"Rendering homepage","timestamp":"2024-03-24T05:58:00.957Z"}
{"level":"info","message":"Rendering homepage","timestamp":"2024-03-24T05:58:05.617Z"}
{"level":"info","message":"Rendering About page","timestamp":"2024-03-24T05:58:10.741Z"}
{"level":"info","message":"Rendering Contact page","timestamp":"2024-03-24T05:58:16.677Z"}
{"level":"info","message":"Rendering FAQ page","timestamp":"2024-03-24T05:58:20.651Z"}
{"level":"info","message":"Rendering homepage","timestamp":"2024-03-24T06:00:33.695Z"}
{"level":"info","message":"Rendering homepage","timestamp":"2024-03-24T06:02:58.044Z"}
{"level":"info","message":"User logged out successfully","timestamp":"2024-03-24T06:03:02.279Z"}
{"level":"info","message":"Rendering login page","timestamp":"2024-03-24T06:03:02.284Z"}
{"level":"info","message":"User 1 authenticated successfully","timestamp":"2024-03-24T06:03:10.319Z"}
{"level":"info","message":"Rendering homepage","timestamp":"2024-03-24T06:03:10.323Z"}
{"level":"info","message":"Rendering homepage","timestamp":"2024-03-24T06:03:20.224Z"}
{"level":"info","message":"Rendering homepage","timestamp":"2024-03-24T06:07:39.471Z"}
{"level":"info","message":"Rendering About page","timestamp":"2024-03-24T06:09:25.925Z"}
{"level":"info","message":"Rendering About page","timestamp":"2024-03-24T06:14:01.432Z"}
{"level":"info","message":"Rendering homepage","timestamp":"2024-03-24T06:14:14.413Z"}
{"level":"info","message":"Rendering About page","timestamp":"2024-03-24T06:18:40.414Z"}
{"level":"info","message":"Rendering Contact page","timestamp":"2024-03-24T06:18:57.942Z"}
{"level":"info","message":"Rendering Contact page","timestamp":"2024-03-24T06:21:01.587Z"}
{"level":"info","message":"Rendering FAQ page","timestamp":"2024-03-24T06:21:43.935Z"}
{"level":"info","message":"Rendering FAQ page","timestamp":"2024-03-24T06:24:30.582Z"}
{"level":"info","message":"Rendering FAQ page","timestamp":"2024-03-24T06:25:10.797Z"}
{"level":"info","message":"Rendering FAQ page","timestamp":"2024-03-24T06:26:26.164Z"}
{"level":"info","message":"Rendering FAQ page","timestamp":"2024-03-24T06:27:09.224Z"}
{"level":"info","message":"Rendering FAQ page","timestamp":"2024-03-24T06:27:44.334Z"}
{"level":"info","message":"Rendering FAQ page","timestamp":"2024-03-24T06:28:11.474Z"}
{"level":"info","message":"Rendering FAQ page","timestamp":"2024-03-24T06:28:47.191Z"}
{"level":"info","message":"Rendering FAQ page","timestamp":"2024-03-24T06:29:04.814Z"}
{"level":"info","message":"Rendering FAQ page","timestamp":"2024-03-24T06:29:06.307Z"}
{"level":"info","message":"Rendering FAQ page","timestamp":"2024-03-24T06:29:16.442Z"}
{"level":"info","message":"Rendering FAQ page","timestamp":"2024-03-24T06:29:25.356Z"}
{"level":"info","message":"Rendering homepage","timestamp":"2024-03-24T06:29:33.025Z"}
{"level":"info","message":"Rendering Contact page","timestamp":"2024-03-24T06:29:36.555Z"}
{"level":"info","message":"Rendering homepage","timestamp":"2024-03-24T06:29:45.508Z"}
{"level":"info","message":"Rendering About page","timestamp":"2024-03-24T06:29:49.030Z"}
{"level":"info","message":"Rendering Contact page","timestamp":"2024-03-24T06:29:50.743Z"}
{"level":"info","message":"Rendering FAQ page","timestamp":"2024-03-24T06:29:59.010Z"}
{"level":"info","message":"Rendering homepage","timestamp":"2024-03-24T06:30:33.979Z"}
{"level":"info","message":"Building a login system with NodeJS is running on port 8080!","timestamp":"2024-03-24T06:36:30.663Z"}
{"level":"info","message":"Connected to MySQL database successfully!","timestamp":"2024-03-24T06:36:30.688Z"}
{"level":"info","message":"Rendering login page","timestamp":"2024-03-24T06:36:37.114Z"}
{"level":"info","message":"User 1 authenticated successfully","timestamp":"2024-03-24T06:36:45.059Z"}
{"level":"info","message":"Rendering homepage","timestamp":"2024-03-24T06:36:45.068Z"}
{"level":"info","message":"Rendering homepage","timestamp":"2024-03-24T06:37:52.392Z"}
{"level":"info","message":"Rendering homepage","timestamp":"2024-03-24T06:37:57.148Z"}
{"level":"info","message":"Rendering newsapi page","timestamp":"2024-03-24T06:38:01.353Z"}
{"level":"info","message":"Rendering homepage","timestamp":"2024-03-24T06:38:43.078Z"}
{"level":"info","message":"Rendering newsapi page","timestamp":"2024-03-24T06:38:45.525Z"}
{"level":"info","message":"Rendering newsapi page","timestamp":"2024-03-24T06:41:07.720Z"}
{"level":"info","message":"Rendering newsapi page","timestamp":"2024-03-24T06:44:56.763Z"}
{"level":"info","message":"Rendering newsapi page","timestamp":"2024-03-24T06:46:27.983Z"}
{"level":"info","message":"Rendering newsapi page","timestamp":"2024-03-24T06:51:03.269Z"}
{"level":"info","message":"Rendering newsapi page","timestamp":"2024-03-24T06:54:10.997Z"}
{"level":"info","message":"Rendering newsapi page","timestamp":"2024-03-24T06:56:00.575Z"}
{"level":"info","message":"Rendering newsapi page","timestamp":"2024-03-24T06:56:26.431Z"}
{"level":"info","message":"Rendering newsapi page","timestamp":"2024-03-24T06:56:35.774Z"}
{"level":"info","message":"Rendering homepage","timestamp":"2024-03-24T06:56:53.220Z"}
{"level":"info","message":"Rendering newsapi page","timestamp":"2024-03-24T06:56:57.730Z"}
{"level":"info","message":"Rendering newsapi page","timestamp":"2024-03-24T06:58:46.099Z"}
{"level":"info","message":"Rendering homepage","timestamp":"2024-03-24T06:58:49.511Z"}
{"level":"info","message":"Rendering newsapi page","timestamp":"2024-03-24T06:58:51.892Z"}
{"level":"info","message":"Rendering homepage","timestamp":"2024-03-24T06:58:53.154Z"}
{"level":"info","message":"Rendering newsapi page","timestamp":"2024-03-24T07:00:09.132Z"}
{"level":"info","message":"Rendering homepage","timestamp":"2024-03-24T07:00:12.427Z"}
{"level":"info","message":"Rendering homepage","timestamp":"2024-03-24T07:00:14.423Z"}
{"level":"info","message":"Rendering About page","timestamp":"2024-03-24T07:00:16.011Z"}
{"level":"info","message":"Rendering Contact page","timestamp":"2024-03-24T07:00:17.427Z"}
{"level":"info","message":"Rendering FAQ page","timestamp":"2024-03-24T07:00:19.195Z"}
{"level":"info","message":"User logged out successfully","timestamp":"2024-03-24T07:00:21.676Z"}
{"level":"info","message":"Rendering login page","timestamp":"2024-03-24T07:00:21.681Z"}
{"level":"info","message":"User 1 authenticated successfully","timestamp":"2024-03-24T07:00:30.443Z"}
{"level":"info","message":"Rendering homepage","timestamp":"2024-03-24T07:00:30.448Z"}
{"level":"info","message":"Rendering About page","timestamp":"2024-03-24T07:00:36.068Z"}
{"level":"info","message":"Rendering About page","timestamp":"2024-03-24T07:02:39.743Z"}
{"level":"info","message":"Rendering About page","timestamp":"2024-03-24T07:03:15.653Z"}
{"level":"info","message":"Rendering newsapi page","timestamp":"2024-03-24T07:03:17.574Z"}
{"level":"info","message":"Rendering homepage","timestamp":"2024-03-24T07:03:19.212Z"}
{"level":"info","message":"Rendering newsapi page","timestamp":"2024-03-24T07:03:20.403Z"}
{"level":"info","message":"Rendering homepage","timestamp":"2024-03-24T07:03:21.449Z"}
{"level":"info","message":"Rendering homepage","timestamp":"2024-03-24T07:03:23.977Z"}
{"level":"info","message":"Rendering homepage","timestamp":"2024-03-24T07:04:27.729Z"}
{"level":"info","message":"Rendering newsapi page","timestamp":"2024-03-24T07:04:30.169Z"}
{"level":"info","message":"Rendering homepage","timestamp":"2024-03-24T07:04:33.615Z"}
{"level":"info","message":"Rendering newsapi page","timestamp":"2024-03-24T07:05:13.513Z"}
{"level":"info","message":"Rendering homepage","timestamp":"2024-03-24T07:05:15.180Z"}
{"level":"info","message":"Rendering homepage","timestamp":"2024-03-24T07:05:18.620Z"}
{"level":"info","message":"Rendering homepage","timestamp":"2024-03-24T07:05:20.763Z"}
{"level":"info","message":"Rendering About page","timestamp":"2024-03-24T07:05:26.312Z"}
{"level":"info","message":"Rendering newsapi page","timestamp":"2024-03-24T07:05:28.386Z"}
{"level":"info","message":"Rendering homepage","timestamp":"2024-03-24T07:05:29.373Z"}
{"level":"info","message":"Rendering newsapi page","timestamp":"2024-03-24T07:05:33.438Z"}
{"level":"info","message":"Rendering homepage","timestamp":"2024-03-24T07:05:35.015Z"}
{"level":"info","message":"Rendering newsapi page","timestamp":"2024-03-24T07:05:37.280Z"}
{"level":"info","message":"Rendering homepage","timestamp":"2024-03-24T07:05:38.669Z"}
{"level":"info","message":"User logged out successfully","timestamp":"2024-03-24T07:06:26.658Z"}
{"level":"info","message":"Rendering login page","timestamp":"2024-03-24T07:06:26.667Z"}
{"level":"info","message":"Rendering register page","timestamp":"2024-03-24T07:06:30.513Z"}
{"level":"info","message":"Rendering register page","timestamp":"2024-03-24T07:06:48.961Z"}
{"level":"error","message":"Error creating new user:","timestamp":"2024-03-24T07:07:06.287Z"}
{"level":"info","message":"Rendering register page","timestamp":"2024-03-24T07:07:06.292Z"}
{"level":"info","message":"Rendering login page","timestamp":"2024-03-24T07:07:13.291Z"}
{"level":"info","message":"User 5 authenticated successfully","timestamp":"2024-03-24T07:11:22.117Z"}
{"level":"info","message":"Rendering homepage","timestamp":"2024-03-24T07:11:22.124Z"}
{"level":"info","message":"User logged out successfully","timestamp":"2024-03-24T07:11:25.189Z"}
{"level":"info","message":"Rendering login page","timestamp":"2024-03-24T07:11:25.194Z"}
{"level":"info","message":"Building a login system with NodeJS is running on port 8080!","timestamp":"2024-03-24T07:13:25.363Z"}
{"level":"info","message":"Rendering login page","timestamp":"2024-03-24T07:13:33.218Z"}
{"level":"info","message":"Building a login system with NodeJS is running on port 8080!","timestamp":"2024-03-24T07:18:12.151Z"}
{"level":"info","message":"Rendering register page","timestamp":"2024-03-24T07:18:19.480Z"}
{"level":"info","message":"New user created successfully: {\"fullname\":\"Avathar\",\"email\":\"ava@ava.com\",\"password\":\"qwe\"}","timestamp":"2024-03-24T07:18:44.183Z"}
{"level":"info","message":"Rendering login page","timestamp":"2024-03-24T07:18:44.190Z"}
{"level":"info","message":"Building a login system with NodeJS is running on port 8080!","timestamp":"2024-03-24T07:26:23.500Z"}
{"level":"info","message":"User 5 authenticated successfully","timestamp":"2024-03-24T07:29:42.694Z"}
{"level":"info","message":"Rendering homepage","timestamp":"2024-03-24T07:29:42.708Z"}
{"level":"info","message":"Rendering newsapi page","timestamp":"2024-03-24T07:29:52.070Z"}
